<?xml version="1.0" encoding="UTF-8"?>
<!-- Generated by org.testng.reporters.JUnitXMLReporter -->
<testsuite ignored="0" hostname="LAPTOP-1826LOER" failures="0" tests="5" name="Default test" time="46.19" errors="0" timestamp="2023-04-28T07:57:19 IST">
  <testcase classname="com.acti.testcase.LoginPageTests" name="testActiImgDisplayed" time="0.098"/>
  <testcase classname="com.acti.testcase.LoginPageTests" name="testForgotPasswordDisplayed" time="0.062"/>
  <testcase classname="com.acti.testcase.LoginPageTests" name="testLoginFunction" time="0.25"/>
  <testcase classname="com.acti.testcase.LoginPageTests" name="testLoginInvalidCredientials" time="3.282"/>
  <testcase classname="com.acti.testcase.LoginPageTests" name="testLoginPageTitle" time="0.009"/>
</testsuite> <!-- Default test -->
