<?xml version="1.0" encoding="UTF-8"?>
<!-- Generated by org.testng.reporters.JUnitXMLReporter -->
<testsuite ignored="4" hostname="LAPTOP-1826LOER" failures="0" tests="2" name="Default test" time="21.016" errors="0" timestamp="2023-05-02T08:11:05 IST">
  <testcase classname="com.acti.base.DriverScript" name="initApplication" time="6.18"/>
  <testcase classname="com.acti.testcase.LoginPageTests" name="testLoginPageTitle" time="0.013"/>
  <testcase classname="com.acti.testcase.LoginPageTests" name="testForgotPasswordDisplayed" time="0.0">
    <ignored/>
  </testcase> <!-- testForgotPasswordDisplayed -->
  <testcase classname="com.acti.testcase.LoginPageTests" name="testActiImgDisplayed" time="0.0">
    <ignored/>
  </testcase> <!-- testActiImgDisplayed -->
  <testcase classname="com.acti.testcase.LoginPageTests" name="testLoginFunction" time="0.0">
    <ignored/>
  </testcase> <!-- testLoginFunction -->
  <testcase classname="com.acti.testcase.LoginPageTests" name="testLoginInvalidCredientials" time="0.0">
    <ignored/>
  </testcase> <!-- testLoginInvalidCredientials -->
</testsuite> <!-- Default test -->
