<?xml version="1.0" encoding="UTF-8"?>
<!-- Generated by org.testng.reporters.JUnitXMLReporter -->
<testsuite ignored="2" hostname="LAPTOP-1826LOER" failures="0" tests="7" name="Test" time="83.693" errors="0" timestamp="03 May 2023 02:20:22 GMT">
  <testcase classname="com.acti.testcase.LoginPageTests" name="testActiImgDisplayed" time="0.164"/>
  <testcase classname="com.acti.testcase.LoginPageTests" name="testForgotPasswordDisplayed" time="0.075"/>
  <testcase classname="com.acti.testcase.LoginPageTests" name="testLoginFunction" time="5.583"/>
  <testcase classname="com.acti.testcase.LoginPageTests" name="testLoginInvalidCredientials" time="3.29"/>
  <testcase classname="com.acti.testcase.LoginPageTests" name="testLoginPageTitle" time="0.011"/>
  <testcase classname="com.acti.testcase.TaskPageTests" name="testCreateCustomer" time="8.999"/>
  <testcase classname="com.acti.testcase.TaskPageTests" name="testDeleteCustomer" time="13.986"/>
  <testcase classname="com.acti.testcase.BaseTest" name="@BeforeSuite reportSetup" time="0.0">
    <ignored/>
  </testcase> <!-- @BeforeSuite reportSetup -->
  <testcase classname="com.acti.testcase.BaseTest" name="@BeforeSuite reportSetup" time="0.0">
    <ignored/>
  </testcase> <!-- @BeforeSuite reportSetup -->
</testsuite> <!-- Test -->
