<?xml version="1.0" encoding="UTF-8"?>
<testng-results ignored="4" total="6" passed="2" failed="0" skipped="0">
  <reporter-output>
  </reporter-output>
  <suite started-at="2023-05-02T08:10:44 IST" name="Default suite" finished-at="2023-05-02T08:11:05 IST" duration-ms="21016">
    <groups>
    </groups>
    <test started-at="2023-05-02T08:10:44 IST" name="Default test" finished-at="2023-05-02T08:11:05 IST" duration-ms="21016">
      <class name="com.acti.testcase.LoginPageTests">
        <test-method is-config="true" signature="preTest()[pri:0, instance:com.acti.testcase.LoginPageTests@434a63ab]" started-at="2023-05-02T08:10:44 IST" name="preTest" finished-at="2023-05-02T08:10:52 IST" duration-ms="7747" status="PASS">
          <reporter-output>
          </reporter-output>
        </test-method> <!-- preTest -->
        <test-method signature="initApplication()[pri:0, instance:com.acti.testcase.LoginPageTests@434a63ab]" started-at="2023-05-02T08:10:52 IST" name="initApplication" finished-at="2023-05-02T08:10:58 IST" duration-ms="6180" status="PASS">
          <reporter-output>
          </reporter-output>
        </test-method> <!-- initApplication -->
        <test-method is-config="true" signature="tearDown()[pri:0, instance:com.acti.testcase.LoginPageTests@434a63ab]" started-at="2023-05-02T08:10:58 IST" name="tearDown" finished-at="2023-05-02T08:10:59 IST" duration-ms="265" status="PASS">
          <reporter-output>
          </reporter-output>
        </test-method> <!-- tearDown -->
        <test-method is-config="true" signature="preTest()[pri:0, instance:com.acti.testcase.LoginPageTests@434a63ab]" started-at="2023-05-02T08:10:59 IST" name="preTest" finished-at="2023-05-02T08:11:05 IST" duration-ms="6471" status="PASS">
          <reporter-output>
          </reporter-output>
        </test-method> <!-- preTest -->
        <test-method signature="testLoginPageTitle()[pri:0, instance:com.acti.testcase.LoginPageTests@434a63ab]" started-at="2023-05-02T08:11:05 IST" name="testLoginPageTitle" finished-at="2023-05-02T08:11:05 IST" duration-ms="13" status="PASS">
          <reporter-output>
          </reporter-output>
        </test-method> <!-- testLoginPageTitle -->
        <test-method is-config="true" signature="tearDown()[pri:0, instance:com.acti.testcase.LoginPageTests@434a63ab]" started-at="2023-05-02T08:11:05 IST" name="tearDown" finished-at="2023-05-02T08:11:05 IST" duration-ms="256" status="PASS">
          <reporter-output>
          </reporter-output>
        </test-method> <!-- tearDown -->
      </class> <!-- com.acti.testcase.LoginPageTests -->
    </test> <!-- Default test -->
  </suite> <!-- Default suite -->
</testng-results>
